app/manifest-merger-release-report.txt
-- Merging decision tree log ---
manifest
ADDED from AndroidManifest.xml:2:1
	xmlns:android
		ADDED from AndroidManifest.xml:2:11
	package
		ADDED from AndroidManifest.xml:3:5
		INJECTED from AndroidManifest.xml:0:0
		INJECTED from AndroidManifest.xml:0:0
	android:versionName
		INJECTED from AndroidManifest.xml:0:0
		INJECTED from AndroidManifest.xml:0:0
	android:versionCode
		INJECTED from AndroidManifest.xml:0:0
		INJECTED from AndroidManifest.xml:0:0
compatible-screens
ADDED from AndroidManifest.xml:5:5
screen#normal+hdpi
ADDED from AndroidManifest.xml:7:9
	android:screenSize
		ADDED from AndroidManifest.xml:7:17
	android:screenDensity
		ADDED from AndroidManifest.xml:7:45
screen#normal+xhdpi
ADDED from AndroidManifest.xml:8:9
	android:screenSize
		ADDED from AndroidManifest.xml:8:17
	android:screenDensity
		ADDED from AndroidManifest.xml:8:45
screen#large+hdpi
ADDED from AndroidManifest.xml:11:9
	android:screenSize
		ADDED from AndroidManifest.xml:11:17
	android:screenDensity
		ADDED from AndroidManifest.xml:11:44
screen#large+xhdpi
ADDED from AndroidManifest.xml:12:9
	android:screenSize
		ADDED from AndroidManifest.xml:12:17
	android:screenDensity
		ADDED from AndroidManifest.xml:12:44
screen#normal+480
ADDED from AndroidManifest.xml:15:9
	android:screenSize
		ADDED from AndroidManifest.xml:15:45
	android:screenDensity
		ADDED from AndroidManifest.xml:15:17
screen#large+480
ADDED from AndroidManifest.xml:16:9
	android:screenSize
		ADDED from AndroidManifest.xml:16:45
	android:screenDensity
		ADDED from AndroidManifest.xml:16:17
uses-permission#android.permission.CALL_PHONE
ADDED from AndroidManifest.xml:19:5
	android:name
		ADDED from AndroidManifest.xml:19:22
uses-permission#android.permission.READ_PHONE_STATE
ADDED from AndroidManifest.xml:20:5
	android:name
		ADDED from AndroidManifest.xml:20:22
uses-permission#android.permission.INTERNET
ADDED from AndroidManifest.xml:21:5
	android:name
		ADDED from AndroidManifest.xml:21:22
uses-permission#android.permission.ACCESS_NETWORK_STATE
ADDED from AndroidManifest.xml:22:5
	android:name
		ADDED from AndroidManifest.xml:22:22
uses-permission#android.permission.ACCESS_FINE_LOCATION
ADDED from AndroidManifest.xml:23:5
	android:name
		ADDED from AndroidManifest.xml:23:22
uses-permission#android.permission.ACCESS_COARSE_LOCATION
ADDED from AndroidManifest.xml:24:5
	android:name
		ADDED from AndroidManifest.xml:24:22
uses-permission#android.permission.WRITE_EXTERNAL_STORAGE
ADDED from AndroidManifest.xml:26:5
	android:name
		ADDED from AndroidManifest.xml:26:22
uses-permission#android.permission.WAKE_LOCK
ADDED from AndroidManifest.xml:27:5
	android:name
		ADDED from AndroidManifest.xml:27:22
uses-permission#android.permission.RECEIVE_BOOT_COMPLETED
ADDED from AndroidManifest.xml:28:5
	android:name
		ADDED from AndroidManifest.xml:28:22
uses-permission#android.permission.VIBRATE
ADDED from AndroidManifest.xml:29:5
	android:name
		ADDED from AndroidManifest.xml:29:22
uses-permission#android.permission.GET_ACCOUNTS
ADDED from AndroidManifest.xml:30:5
	android:name
		ADDED from AndroidManifest.xml:30:22
uses-permission#com.google.android.c2dm.permission.RECEIVE
ADDED from AndroidManifest.xml:31:5
	android:name
		ADDED from AndroidManifest.xml:31:22
permission#za.co.toasteacomputing.panic.permission.C2D_MESSAGE
ADDED from AndroidManifest.xml:33:5
	android:protectionLevel
		ADDED from AndroidManifest.xml:35:9
	android:name
		ADDED from AndroidManifest.xml:34:9
uses-permission#za.co.toasteacomputing.panic.permission.C2D_MESSAGE
ADDED from AndroidManifest.xml:37:5
	android:name
		ADDED from AndroidManifest.xml:37:22
uses-permission#com.google.android.providers.gsf.permission.READ_GSERVICES
ADDED from AndroidManifest.xml:39:5
	android:name
		ADDED from AndroidManifest.xml:39:22
uses-feature#0x00020000
ADDED from AndroidManifest.xml:41:5
	android:required
		ADDED from AndroidManifest.xml:43:9
	android:glEsVersion
		ADDED from AndroidManifest.xml:42:9
application
ADDED from AndroidManifest.xml:45:5
MERGED from com.android.support:appcompat-v7:21.0.3:16:5
MERGED from com.android.support:support-v4:21.0.3:16:5
MERGED from de.hdodenhof:circleimageview:1.2.1:9:5
MERGED from com.google.android.gms:play-services:6.5.87:20:5
MERGED from com.android.support:support-v4:21.0.3:16:5
	android:label
		ADDED from AndroidManifest.xml:49:9
	android:allowBackup
		ADDED from AndroidManifest.xml:47:9
	android:icon
		ADDED from AndroidManifest.xml:48:9
	android:theme
		ADDED from AndroidManifest.xml:50:9
	android:name
		ADDED from AndroidManifest.xml:46:9
meta-data#com.google.android.gms.version
ADDED from AndroidManifest.xml:51:9
MERGED from com.google.android.gms:play-services:6.5.87:21:9
	android:name
		ADDED from AndroidManifest.xml:52:13
	android:value
		ADDED from AndroidManifest.xml:53:13
meta-data#com.google.android.maps.v2.API_KEY
ADDED from AndroidManifest.xml:54:9
	android:name
		ADDED from AndroidManifest.xml:55:13
	android:value
		ADDED from AndroidManifest.xml:56:13
service#za.co.toasteacomputing.panic.ServiceGps
ADDED from AndroidManifest.xml:58:9
	android:name
		ADDED from AndroidManifest.xml:58:18
activity#za.co.toasteacomputing.panic.LoginActivity
ADDED from AndroidManifest.xml:60:9
	android:screenOrientation
		ADDED from AndroidManifest.xml:64:13
	android:label
		ADDED from AndroidManifest.xml:63:13
	android:theme
		ADDED from AndroidManifest.xml:61:13
	android:name
		ADDED from AndroidManifest.xml:62:13
intent-filter#android.intent.action.MAIN+android.intent.category.LAUNCHER
ADDED from AndroidManifest.xml:65:13
action#android.intent.action.MAIN
ADDED from AndroidManifest.xml:66:17
	android:name
		ADDED from AndroidManifest.xml:66:25
category#android.intent.category.LAUNCHER
ADDED from AndroidManifest.xml:68:17
	android:name
		ADDED from AndroidManifest.xml:68:27
activity#za.co.toasteacomputing.panic.RegisterActivity
ADDED from AndroidManifest.xml:71:9
	android:screenOrientation
		ADDED from AndroidManifest.xml:75:13
	android:label
		ADDED from AndroidManifest.xml:74:13
	android:theme
		ADDED from AndroidManifest.xml:72:13
	android:name
		ADDED from AndroidManifest.xml:73:13
activity#za.co.toasteacomputing.panic.HomeActivity
ADDED from AndroidManifest.xml:77:9
	android:screenOrientation
		ADDED from AndroidManifest.xml:80:13
	android:label
		ADDED from AndroidManifest.xml:79:13
	android:name
		ADDED from AndroidManifest.xml:78:13
intent-filter#android.intent.action.SEARCH
ADDED from AndroidManifest.xml:81:13
action#android.intent.action.SEARCH
ADDED from AndroidManifest.xml:82:17
	android:name
		ADDED from AndroidManifest.xml:82:25
meta-data#android.app.searchable
ADDED from AndroidManifest.xml:85:13
	android:resource
		ADDED from AndroidManifest.xml:87:17
	android:name
		ADDED from AndroidManifest.xml:86:17
service#com.parse.PushService
ADDED from AndroidManifest.xml:91:9
	android:name
		ADDED from AndroidManifest.xml:91:18
receiver#com.parse.ParseBroadcastReceiver
ADDED from AndroidManifest.xml:93:9
	android:name
		ADDED from AndroidManifest.xml:93:19
intent-filter#android.intent.action.BOOT_COMPLETED+android.intent.action.USER_PRESENT
ADDED from AndroidManifest.xml:94:13
action#android.intent.action.BOOT_COMPLETED
ADDED from AndroidManifest.xml:95:17
	android:name
		ADDED from AndroidManifest.xml:95:25
action#android.intent.action.USER_PRESENT
ADDED from AndroidManifest.xml:96:17
	android:name
		ADDED from AndroidManifest.xml:96:25
receiver#com.parse.GcmBroadcastReceiver
ADDED from AndroidManifest.xml:99:9
	android:permission
		ADDED from AndroidManifest.xml:101:13
	android:name
		ADDED from AndroidManifest.xml:100:13
intent-filter#com.google.android.c2dm.intent.RECEIVE+com.google.android.c2dm.intent.REGISTRATION+za.co.toasteacomputing.panic
ADDED from AndroidManifest.xml:102:13
action#com.google.android.c2dm.intent.RECEIVE
ADDED from AndroidManifest.xml:103:17
	android:name
		ADDED from AndroidManifest.xml:103:25
action#com.google.android.c2dm.intent.REGISTRATION
ADDED from AndroidManifest.xml:104:17
	android:name
		ADDED from AndroidManifest.xml:104:25
category#za.co.toasteacomputing.panic
ADDED from AndroidManifest.xml:107:17
	android:name
		ADDED from AndroidManifest.xml:107:27
receiver#com.parse.ParsePushBroadcastReceiver
ADDED from AndroidManifest.xml:110:9
	android:exported
		ADDED from AndroidManifest.xml:112:13
	android:name
		ADDED from AndroidManifest.xml:111:13
intent-filter#com.parse.push.intent.DELETE+com.parse.push.intent.OPEN+com.parse.push.intent.RECEIVE
ADDED from AndroidManifest.xml:113:13
action#com.parse.push.intent.RECEIVE
ADDED from AndroidManifest.xml:114:17
	android:name
		ADDED from AndroidManifest.xml:114:25
action#com.parse.push.intent.DELETE
ADDED from AndroidManifest.xml:115:17
	android:name
		ADDED from AndroidManifest.xml:115:25
action#com.parse.push.intent.OPEN
ADDED from AndroidManifest.xml:116:17
	android:name
		ADDED from AndroidManifest.xml:116:25
activity#za.co.toasteacomputing.panic.HistoryMapActivity
ADDED from AndroidManifest.xml:120:9
	android:label
		ADDED from AndroidManifest.xml:122:13
	android:name
		ADDED from AndroidManifest.xml:121:13
uses-sdk
INJECTED from AndroidManifest.xml:0:0 reason: use-sdk injection requested
MERGED from com.android.support:appcompat-v7:21.0.3:15:5
MERGED from com.android.support:support-v4:21.0.3:15:5
MERGED from de.hdodenhof:circleimageview:1.2.1:5:5
MERGED from com.google.android.gms:play-services:6.5.87:18:5
MERGED from com.android.support:support-v4:21.0.3:15:5
	android:targetSdkVersion
		INJECTED from AndroidManifest.xml:0:0
		INJECTED from AndroidManifest.xml:0:0
	android:minSdkVersion
		INJECTED from AndroidManifest.xml:0:0
		INJECTED from AndroidManifest.xml:0:0